C:\USERS\EVGENI\DOCUMENTS\VISUAL STUDIO 2010\PROJECTS\TIC_TAC_TOE\DEBUG\TIC_TAC_TOE.EXE
C:\USERS\EVGENI\DOCUMENTS\VISUAL STUDIO 2010\PROJECTS\TIC_TAC_TOE\DEBUG\TIC_TAC_TOE.ILK
C:\USERS\EVGENI\DOCUMENTS\VISUAL STUDIO 2010\PROJECTS\TIC_TAC_TOE\DEBUG\TIC_TAC_TOE.PDB
C:\Users\Evgeni\Documents\Visual Studio 2010\Projects\Tic_Tac_Toe\Tic_Tac_Toe\Debug\cl.command.1.tlog
C:\Users\Evgeni\Documents\Visual Studio 2010\Projects\Tic_Tac_Toe\Tic_Tac_Toe\Debug\CL.read.1.tlog
C:\Users\Evgeni\Documents\Visual Studio 2010\Projects\Tic_Tac_Toe\Tic_Tac_Toe\Debug\CL.write.1.tlog
C:\Users\Evgeni\Documents\Visual Studio 2010\Projects\Tic_Tac_Toe\Tic_Tac_Toe\Debug\link.1016.read.1.tlog
C:\Users\Evgeni\Documents\Visual Studio 2010\Projects\Tic_Tac_Toe\Tic_Tac_Toe\Debug\link.1016.write.1.tlog
C:\Users\Evgeni\Documents\Visual Studio 2010\Projects\Tic_Tac_Toe\Tic_Tac_Toe\Debug\link.1016-cvtres.read.1.tlog
C:\Users\Evgeni\Documents\Visual Studio 2010\Projects\Tic_Tac_Toe\Tic_Tac_Toe\Debug\link.1016-cvtres.write.1.tlog
C:\Users\Evgeni\Documents\Visual Studio 2010\Projects\Tic_Tac_Toe\Tic_Tac_Toe\Debug\link.11136.read.1.tlog
C:\Users\Evgeni\Documents\Visual Studio 2010\Projects\Tic_Tac_Toe\Tic_Tac_Toe\Debug\link.11136.write.1.tlog
C:\Users\Evgeni\Documents\Visual Studio 2010\Projects\Tic_Tac_Toe\Tic_Tac_Toe\Debug\link.11136-cvtres.read.1.tlog
C:\Users\Evgeni\Documents\Visual Studio 2010\Projects\Tic_Tac_Toe\Tic_Tac_Toe\Debug\link.11136-cvtres.write.1.tlog
C:\Users\Evgeni\Documents\Visual Studio 2010\Projects\Tic_Tac_Toe\Tic_Tac_Toe\Debug\link.11780.read.1.tlog
C:\Users\Evgeni\Documents\Visual Studio 2010\Projects\Tic_Tac_Toe\Tic_Tac_Toe\Debug\link.11780.write.1.tlog
C:\Users\Evgeni\Documents\Visual Studio 2010\Projects\Tic_Tac_Toe\Tic_Tac_Toe\Debug\link.11780-cvtres.read.1.tlog
C:\Users\Evgeni\Documents\Visual Studio 2010\Projects\Tic_Tac_Toe\Tic_Tac_Toe\Debug\link.11780-cvtres.write.1.tlog
C:\Users\Evgeni\Documents\Visual Studio 2010\Projects\Tic_Tac_Toe\Tic_Tac_Toe\Debug\link.11824.read.1.tlog
C:\Users\Evgeni\Documents\Visual Studio 2010\Projects\Tic_Tac_Toe\Tic_Tac_Toe\Debug\link.11824.write.1.tlog
C:\Users\Evgeni\Documents\Visual Studio 2010\Projects\Tic_Tac_Toe\Tic_Tac_Toe\Debug\link.11824-cvtres.read.1.tlog
C:\Users\Evgeni\Documents\Visual Studio 2010\Projects\Tic_Tac_Toe\Tic_Tac_Toe\Debug\link.11824-cvtres.write.1.tlog
C:\Users\Evgeni\Documents\Visual Studio 2010\Projects\Tic_Tac_Toe\Tic_Tac_Toe\Debug\link.11844.read.1.tlog
C:\Users\Evgeni\Documents\Visual Studio 2010\Projects\Tic_Tac_Toe\Tic_Tac_Toe\Debug\link.11844.write.1.tlog
C:\Users\Evgeni\Documents\Visual Studio 2010\Projects\Tic_Tac_Toe\Tic_Tac_Toe\Debug\link.11844-cvtres.read.1.tlog
C:\Users\Evgeni\Documents\Visual Studio 2010\Projects\Tic_Tac_Toe\Tic_Tac_Toe\Debug\link.11844-cvtres.write.1.tlog
C:\Users\Evgeni\Documents\Visual Studio 2010\Projects\Tic_Tac_Toe\Tic_Tac_Toe\Debug\link.13208.read.1.tlog
C:\Users\Evgeni\Documents\Visual Studio 2010\Projects\Tic_Tac_Toe\Tic_Tac_Toe\Debug\link.13208.write.1.tlog
C:\Users\Evgeni\Documents\Visual Studio 2010\Projects\Tic_Tac_Toe\Tic_Tac_Toe\Debug\link.13208-cvtres.read.1.tlog
C:\Users\Evgeni\Documents\Visual Studio 2010\Projects\Tic_Tac_Toe\Tic_Tac_Toe\Debug\link.13208-cvtres.write.1.tlog
C:\Users\Evgeni\Documents\Visual Studio 2010\Projects\Tic_Tac_Toe\Tic_Tac_Toe\Debug\link.14200.read.1.tlog
C:\Users\Evgeni\Documents\Visual Studio 2010\Projects\Tic_Tac_Toe\Tic_Tac_Toe\Debug\link.14200.write.1.tlog
C:\Users\Evgeni\Documents\Visual Studio 2010\Projects\Tic_Tac_Toe\Tic_Tac_Toe\Debug\link.14200-cvtres.read.1.tlog
C:\Users\Evgeni\Documents\Visual Studio 2010\Projects\Tic_Tac_Toe\Tic_Tac_Toe\Debug\link.14200-cvtres.write.1.tlog
C:\Users\Evgeni\Documents\Visual Studio 2010\Projects\Tic_Tac_Toe\Tic_Tac_Toe\Debug\link.1840.read.1.tlog
C:\Users\Evgeni\Documents\Visual Studio 2010\Projects\Tic_Tac_Toe\Tic_Tac_Toe\Debug\link.1840.write.1.tlog
C:\Users\Evgeni\Documents\Visual Studio 2010\Projects\Tic_Tac_Toe\Tic_Tac_Toe\Debug\link.1840-cvtres.read.1.tlog
C:\Users\Evgeni\Documents\Visual Studio 2010\Projects\Tic_Tac_Toe\Tic_Tac_Toe\Debug\link.1840-cvtres.write.1.tlog
C:\Users\Evgeni\Documents\Visual Studio 2010\Projects\Tic_Tac_Toe\Tic_Tac_Toe\Debug\link.3028.read.1.tlog
C:\Users\Evgeni\Documents\Visual Studio 2010\Projects\Tic_Tac_Toe\Tic_Tac_Toe\Debug\link.3028.write.1.tlog
C:\Users\Evgeni\Documents\Visual Studio 2010\Projects\Tic_Tac_Toe\Tic_Tac_Toe\Debug\link.3028-cvtres.read.1.tlog
C:\Users\Evgeni\Documents\Visual Studio 2010\Projects\Tic_Tac_Toe\Tic_Tac_Toe\Debug\link.3028-cvtres.write.1.tlog
C:\Users\Evgeni\Documents\Visual Studio 2010\Projects\Tic_Tac_Toe\Tic_Tac_Toe\Debug\link.3824.read.1.tlog
C:\Users\Evgeni\Documents\Visual Studio 2010\Projects\Tic_Tac_Toe\Tic_Tac_Toe\Debug\link.3824.write.1.tlog
C:\Users\Evgeni\Documents\Visual Studio 2010\Projects\Tic_Tac_Toe\Tic_Tac_Toe\Debug\link.3824-cvtres.read.1.tlog
C:\Users\Evgeni\Documents\Visual Studio 2010\Projects\Tic_Tac_Toe\Tic_Tac_Toe\Debug\link.3824-cvtres.write.1.tlog
C:\Users\Evgeni\Documents\Visual Studio 2010\Projects\Tic_Tac_Toe\Tic_Tac_Toe\Debug\link.4256.read.1.tlog
C:\Users\Evgeni\Documents\Visual Studio 2010\Projects\Tic_Tac_Toe\Tic_Tac_Toe\Debug\link.4256.write.1.tlog
C:\Users\Evgeni\Documents\Visual Studio 2010\Projects\Tic_Tac_Toe\Tic_Tac_Toe\Debug\link.4256-cvtres.read.1.tlog
C:\Users\Evgeni\Documents\Visual Studio 2010\Projects\Tic_Tac_Toe\Tic_Tac_Toe\Debug\link.4256-cvtres.write.1.tlog
C:\Users\Evgeni\Documents\Visual Studio 2010\Projects\Tic_Tac_Toe\Tic_Tac_Toe\Debug\link.4472.read.1.tlog
C:\Users\Evgeni\Documents\Visual Studio 2010\Projects\Tic_Tac_Toe\Tic_Tac_Toe\Debug\link.4472.write.1.tlog
C:\Users\Evgeni\Documents\Visual Studio 2010\Projects\Tic_Tac_Toe\Tic_Tac_Toe\Debug\link.4472-cvtres.read.1.tlog
C:\Users\Evgeni\Documents\Visual Studio 2010\Projects\Tic_Tac_Toe\Tic_Tac_Toe\Debug\link.4472-cvtres.write.1.tlog
C:\Users\Evgeni\Documents\Visual Studio 2010\Projects\Tic_Tac_Toe\Tic_Tac_Toe\Debug\link.5040.read.1.tlog
C:\Users\Evgeni\Documents\Visual Studio 2010\Projects\Tic_Tac_Toe\Tic_Tac_Toe\Debug\link.5040.write.1.tlog
C:\Users\Evgeni\Documents\Visual Studio 2010\Projects\Tic_Tac_Toe\Tic_Tac_Toe\Debug\link.5040-cvtres.read.1.tlog
C:\Users\Evgeni\Documents\Visual Studio 2010\Projects\Tic_Tac_Toe\Tic_Tac_Toe\Debug\link.5040-cvtres.write.1.tlog
C:\Users\Evgeni\Documents\Visual Studio 2010\Projects\Tic_Tac_Toe\Tic_Tac_Toe\Debug\link.6068.read.1.tlog
C:\Users\Evgeni\Documents\Visual Studio 2010\Projects\Tic_Tac_Toe\Tic_Tac_Toe\Debug\link.6068.write.1.tlog
C:\Users\Evgeni\Documents\Visual Studio 2010\Projects\Tic_Tac_Toe\Tic_Tac_Toe\Debug\link.6068-cvtres.read.1.tlog
C:\Users\Evgeni\Documents\Visual Studio 2010\Projects\Tic_Tac_Toe\Tic_Tac_Toe\Debug\link.6068-cvtres.write.1.tlog
C:\Users\Evgeni\Documents\Visual Studio 2010\Projects\Tic_Tac_Toe\Tic_Tac_Toe\Debug\link.6392.read.1.tlog
C:\Users\Evgeni\Documents\Visual Studio 2010\Projects\Tic_Tac_Toe\Tic_Tac_Toe\Debug\link.6392.write.1.tlog
C:\Users\Evgeni\Documents\Visual Studio 2010\Projects\Tic_Tac_Toe\Tic_Tac_Toe\Debug\link.6392-cvtres.read.1.tlog
C:\Users\Evgeni\Documents\Visual Studio 2010\Projects\Tic_Tac_Toe\Tic_Tac_Toe\Debug\link.6392-cvtres.write.1.tlog
C:\Users\Evgeni\Documents\Visual Studio 2010\Projects\Tic_Tac_Toe\Tic_Tac_Toe\Debug\link.8892.read.1.tlog
C:\Users\Evgeni\Documents\Visual Studio 2010\Projects\Tic_Tac_Toe\Tic_Tac_Toe\Debug\link.8892.write.1.tlog
C:\Users\Evgeni\Documents\Visual Studio 2010\Projects\Tic_Tac_Toe\Tic_Tac_Toe\Debug\link.8892-cvtres.read.1.tlog
C:\Users\Evgeni\Documents\Visual Studio 2010\Projects\Tic_Tac_Toe\Tic_Tac_Toe\Debug\link.8892-cvtres.write.1.tlog
C:\Users\Evgeni\Documents\Visual Studio 2010\Projects\Tic_Tac_Toe\Tic_Tac_Toe\Debug\link.command.1.tlog
C:\Users\Evgeni\Documents\Visual Studio 2010\Projects\Tic_Tac_Toe\Tic_Tac_Toe\Debug\link.read.1.tlog
C:\Users\Evgeni\Documents\Visual Studio 2010\Projects\Tic_Tac_Toe\Tic_Tac_Toe\Debug\link.write.1.tlog
C:\Users\Evgeni\Documents\Visual Studio 2010\Projects\Tic_Tac_Toe\Tic_Tac_Toe\Debug\link-cvtres.read.1.tlog
C:\Users\Evgeni\Documents\Visual Studio 2010\Projects\Tic_Tac_Toe\Tic_Tac_Toe\Debug\link-cvtres.write.1.tlog
C:\Users\Evgeni\Documents\Visual Studio 2010\Projects\Tic_Tac_Toe\Tic_Tac_Toe\Debug\mt.command.1.tlog
C:\Users\Evgeni\Documents\Visual Studio 2010\Projects\Tic_Tac_Toe\Tic_Tac_Toe\Debug\mt.read.1.tlog
C:\Users\Evgeni\Documents\Visual Studio 2010\Projects\Tic_Tac_Toe\Tic_Tac_Toe\Debug\mt.write.1.tlog
C:\Users\Evgeni\Documents\Visual Studio 2010\Projects\Tic_Tac_Toe\Tic_Tac_Toe\Debug\rc.command.1.tlog
C:\Users\Evgeni\Documents\Visual Studio 2010\Projects\Tic_Tac_Toe\Tic_Tac_Toe\Debug\rc.read.1.tlog
C:\Users\Evgeni\Documents\Visual Studio 2010\Projects\Tic_Tac_Toe\Tic_Tac_Toe\Debug\rc.write.1.tlog
C:\USERS\EVGENI\DOCUMENTS\VISUAL STUDIO 2010\PROJECTS\TIC_TAC_TOE\TIC_TAC_TOE\DEBUG\STDAFX.OBJ
C:\USERS\EVGENI\DOCUMENTS\VISUAL STUDIO 2010\PROJECTS\TIC_TAC_TOE\TIC_TAC_TOE\DEBUG\TABLEGAMESIMULATOR.OBJ
C:\USERS\EVGENI\DOCUMENTS\VISUAL STUDIO 2010\PROJECTS\TIC_TAC_TOE\TIC_TAC_TOE\DEBUG\TABLEHOLDER.OBJ
C:\USERS\EVGENI\DOCUMENTS\VISUAL STUDIO 2010\PROJECTS\TIC_TAC_TOE\TIC_TAC_TOE\DEBUG\TIC_TAC_TOE.EXE.EMBED.MANIFEST
C:\USERS\EVGENI\DOCUMENTS\VISUAL STUDIO 2010\PROJECTS\TIC_TAC_TOE\TIC_TAC_TOE\DEBUG\TIC_TAC_TOE.EXE.EMBED.MANIFEST.RES
C:\USERS\EVGENI\DOCUMENTS\VISUAL STUDIO 2010\PROJECTS\TIC_TAC_TOE\TIC_TAC_TOE\DEBUG\TIC_TAC_TOE.EXE.INTERMEDIATE.MANIFEST
C:\USERS\EVGENI\DOCUMENTS\VISUAL STUDIO 2010\PROJECTS\TIC_TAC_TOE\TIC_TAC_TOE\DEBUG\TIC_TAC_TOE.OBJ
C:\USERS\EVGENI\DOCUMENTS\VISUAL STUDIO 2010\PROJECTS\TIC_TAC_TOE\TIC_TAC_TOE\DEBUG\TIC_TAC_TOE.PCH
C:\Users\Evgeni\Documents\Visual Studio 2010\Projects\Tic_Tac_Toe\Tic_Tac_Toe\Debug\Tic_Tac_Toe_manifest.rc
C:\Users\Evgeni\Documents\Visual Studio 2010\Projects\Tic_Tac_Toe\Tic_Tac_Toe\Debug\vc100.idb
C:\USERS\EVGENI\DOCUMENTS\VISUAL STUDIO 2010\PROJECTS\TIC_TAC_TOE\TIC_TAC_TOE\DEBUG\VC100.PDB
