Build started 18.10.2013 г. 10:31:17 ч..
Project "C:\Users\Evgeni\Documents\Visual Studio 2010\Projects\Tic_Tac_Toe\Tic_Tac_Toe\Tic_Tac_Toe.vcxproj" on node 2 (build target(s)).
InitializeBuildStatus:
  Touching "Debug\Tic_Tac_Toe.unsuccessfulbuild".
ClCompile:
  All outputs are up-to-date.
  All outputs are up-to-date.
ManifestResourceCompile:
  All outputs are up-to-date.
Link:
  c:\Program Files\Microsoft Visual Studio 10.0\VC\bin\link.exe /ERRORREPORT:PROMPT /OUT:"C:\Users\Evgeni\Documents\Visual Studio 2010\Projects\Tic_Tac_Toe\Debug\Tic_Tac_Toe.exe" /INCREMENTAL /NOLOGO kernel32.lib user32.lib gdi32.lib winspool.lib comdlg32.lib advapi32.lib shell32.lib ole32.lib oleaut32.lib uuid.lib odbc32.lib odbccp32.lib /MANIFEST /ManifestFile:"Debug\Tic_Tac_Toe.exe.intermediate.manifest" /MANIFESTUAC:"level='asInvoker' uiAccess='false'" /DEBUG /PDB:"C:\Users\Evgeni\Documents\Visual Studio 2010\Projects\Tic_Tac_Toe\Debug\Tic_Tac_Toe.pdb" /SUBSYSTEM:CONSOLE /TLBID:1 /DYNAMICBASE /NXCOMPAT /IMPLIB:"C:\Users\Evgeni\Documents\Visual Studio 2010\Projects\Tic_Tac_Toe\Debug\Tic_Tac_Toe.lib" /MACHINE:X86 Debug\Tic_Tac_Toe.exe.embed.manifest.res
  Debug\stdafx.obj
  Debug\TableGameSimulator.obj
  Debug\TableHolder.obj
  Debug\Tic_Tac_Toe.obj
Manifest:
  c:\Program Files\Microsoft SDKs\Windows\v7.0A\bin\mt.exe /nologo /verbose /out:"Debug\Tic_Tac_Toe.exe.embed.manifest" /manifest Debug\Tic_Tac_Toe.exe.intermediate.manifest
  All outputs are up-to-date.
LinkEmbedManifest:
  All outputs are up-to-date.
  Tic_Tac_Toe.vcxproj -> C:\Users\Evgeni\Documents\Visual Studio 2010\Projects\Tic_Tac_Toe\Debug\Tic_Tac_Toe.exe
FinalizeBuildStatus:
  Deleting file "Debug\Tic_Tac_Toe.unsuccessfulbuild".
  Touching "Debug\Tic_Tac_Toe.lastbuildstate".
Done Building Project "C:\Users\Evgeni\Documents\Visual Studio 2010\Projects\Tic_Tac_Toe\Tic_Tac_Toe\Tic_Tac_Toe.vcxproj" (build target(s)).

Build succeeded.

Time Elapsed 00:00:01.95
